# JRE version: Java(TM) SE Runtime Environment (8.0_181-b13) (build 1.8.0_181-b13)
# Java VM: Java HotSpot(TM) 64-Bit Server VM (25.181-b13 mixed mode windows-amd64 compressed oops)
Heap:
 PSYoungGen      total 265216K, used 85643K [0x00000000d6000000, 0x00000000e6600000, 0x0000000100000000)
  eden space 262144K, 32% used [0x00000000d6000000,0x00000000db352dc0,0x00000000e6000000)
  from space 3072K, 10% used [0x00000000e6300000,0x00000000e6350000,0x00000000e6600000)
  to   space 3072K, 0% used [0x00000000e6000000,0x00000000e6000000,0x00000000e6300000)
 ParOldGen       total 86016K, used 1670K [0x0000000082000000, 0x0000000087400000, 0x00000000d6000000)
  object space 86016K, 1% used [0x0000000082000000,0x00000000821a1898,0x0000000087400000)
 Metaspace       used 7318K, capacity 7586K, committed 7936K, reserved 1056768K
  class space    used 833K, capacity 900K, committed 1024K, reserved 1048576K
GC Heap History (10 events):
Event: 164.098 GC heap before
{Heap before GC invocations=4 (full 0):
 PSYoungGen      total 37888K, used 34650K [0x00000000d6000000, 0x00000000daa00000, 0x0000000100000000)
  eden space 32768K, 100% used [0x00000000d6000000,0x00000000d8000000,0x00000000d8000000)
  from space 5120K, 36% used [0x00000000d8000000,0x00000000d81d6848,0x00000000d8500000)
  to   space 5120K, 0% used [0x00000000da500000,0x00000000da500000,0x00000000daa00000)
 ParOldGen       total 86016K, used 24K [0x0000000082000000, 0x0000000087400000, 0x00000000d6000000)
  object space 86016K, 0% used [0x0000000082000000,0x0000000082006000,0x0000000087400000)
 Metaspace       used 7170K, capacity 7362K, committed 7552K, reserved 1056768K
  class space    used 816K, capacity 868K, committed 896K, reserved 1048576K
Event: 164.106 GC heap after
Heap after GC invocations=4 (full 0):
 PSYoungGen      total 70656K, used 1880K [0x00000000d6000000, 0x00000000daa00000, 0x0000000100000000)
  eden space 65536K, 0% used [0x00000000d6000000,0x00000000d6000000,0x00000000da000000)
  from space 5120K, 36% used [0x00000000da500000,0x00000000da6d6010,0x00000000daa00000)
  to   space 5120K, 0% used [0x00000000da000000,0x00000000da000000,0x00000000da500000)
 ParOldGen       total 86016K, used 24K [0x0000000082000000, 0x0000000087400000, 0x00000000d6000000)
  object space 86016K, 0% used [0x0000000082000000,0x0000000082006000,0x0000000087400000)
 Metaspace       used 7170K, capacity 7362K, committed 7552K, reserved 1056768K
  class space    used 816K, capacity 868K, committed 896K, reserved 1048576K
}
Event: 164.418 GC heap before
{Heap before GC invocations=5 (full 0):
 PSYoungGen      total 70656K, used 67416K [0x00000000d6000000, 0x00000000daa00000, 0x0000000100000000)
  eden space 65536K, 100% used [0x00000000d6000000,0x00000000da000000,0x00000000da000000)
  from space 5120K, 36% used [0x00000000da500000,0x00000000da6d6010,0x00000000daa00000)
  to   space 5120K, 0% used [0x00000000da000000,0x00000000da000000,0x00000000da500000)
 ParOldGen       total 86016K, used 24K [0x0000000082000000, 0x0000000087400000, 0x00000000d6000000)
  object space 86016K, 0% used [0x0000000082000000,0x0000000082006000,0x0000000087400000)
 Metaspace       used 7171K, capacity 7362K, committed 7552K, reserved 1056768K
  class space    used 816K, capacity 868K, committed 896K, reserved 1048576K
Event: 164.421 GC heap after
Heap after GC invocations=5 (full 0):
 PSYoungGen      total 70656K, used 1864K [0x00000000d6000000, 0x00000000de500000, 0x0000000100000000)
  eden space 65536K, 0% used [0x00000000d6000000,0x00000000d6000000,0x00000000da000000)
  from space 5120K, 36% used [0x00000000da000000,0x00000000da1d2020,0x00000000da500000)
  to   space 2560K, 0% used [0x00000000de280000,0x00000000de280000,0x00000000de500000)
 ParOldGen       total 86016K, used 24K [0x0000000082000000, 0x0000000087400000, 0x00000000d6000000)
  object space 86016K, 0% used [0x0000000082000000,0x0000000082006000,0x0000000087400000)
 Metaspace       used 7171K, capacity 7362K, committed 7552K, reserved 1056768K
  class space    used 816K, capacity 868K, committed 896K, reserved 1048576K
}
Event: 164.650 GC heap before
{Heap before GC invocations=6 (full 0):
 PSYoungGen      total 70656K, used 67400K [0x00000000d6000000, 0x00000000de500000, 0x0000000100000000)
  eden space 65536K, 100% used [0x00000000d6000000,0x00000000da000000,0x00000000da000000)
  from space 5120K, 36% used [0x00000000da000000,0x00000000da1d2020,0x00000000da500000)
  to   space 2560K, 0% used [0x00000000de280000,0x00000000de280000,0x00000000de500000)
 ParOldGen       total 86016K, used 24K [0x0000000082000000, 0x0000000087400000, 0x00000000d6000000)
  object space 86016K, 0% used [0x0000000082000000,0x0000000082006000,0x0000000087400000)
 Metaspace       used 7172K, capacity 7362K, committed 7552K, reserved 1056768K
  class space    used 816K, capacity 868K, committed 896K, reserved 1048576K
Event: 164.653 GC heap after
Heap after GC invocations=6 (full 0):
 PSYoungGen      total 133632K, used 1928K [0x00000000d6000000, 0x00000000de500000, 0x0000000100000000)
  eden space 131072K, 0% used [0x00000000d6000000,0x00000000d6000000,0x00000000de000000)
  from space 2560K, 75% used [0x00000000de280000,0x00000000de462020,0x00000000de500000)
  to   space 2560K, 0% used [0x00000000de000000,0x00000000de000000,0x00000000de280000)
 ParOldGen       total 86016K, used 24K [0x0000000082000000, 0x0000000087400000, 0x00000000d6000000)
  object space 86016K, 0% used [0x0000000082000000,0x0000000082006000,0x0000000087400000)
 Metaspace       used 7172K, capacity 7362K, committed 7552K, reserved 1056768K
  class space    used 816K, capacity 868K, committed 896K, reserved 1048576K
}
Event: 165.067 GC heap before
{Heap before GC invocations=7 (full 0):
 PSYoungGen      total 133632K, used 133000K [0x00000000d6000000, 0x00000000de500000, 0x0000000100000000)
  eden space 131072K, 100% used [0x00000000d6000000,0x00000000de000000,0x00000000de000000)
  from space 2560K, 75% used [0x00000000de280000,0x00000000de462020,0x00000000de500000)
  to   space 2560K, 0% used [0x00000000de000000,0x00000000de000000,0x00000000de280000)
 ParOldGen       total 86016K, used 24K [0x0000000082000000, 0x0000000087400000, 0x00000000d6000000)
  object space 86016K, 0% used [0x0000000082000000,0x0000000082006000,0x0000000087400000)
 Metaspace       used 7173K, capacity 7362K, committed 7552K, reserved 1056768K
  class space    used 816K, capacity 868K, committed 896K, reserved 1048576K
Event: 165.071 GC heap after
Heap after GC invocations=7 (full 0):
 PSYoungGen      total 133632K, used 288K [0x00000000d6000000, 0x00000000e6600000, 0x0000000100000000)
  eden space 131072K, 0% used [0x00000000d6000000,0x00000000d6000000,0x00000000de000000)
  from space 2560K, 11% used [0x00000000de000000,0x00000000de048000,0x00000000de280000)
  to   space 3072K, 0% used [0x00000000e6300000,0x00000000e6300000,0x00000000e6600000)
 ParOldGen       total 86016K, used 1662K [0x0000000082000000, 0x0000000087400000, 0x00000000d6000000)
  object space 86016K, 1% used [0x0000000082000000,0x000000008219f898,0x0000000087400000)
 Metaspace       used 7173K, capacity 7362K, committed 7552K, reserved 1056768K
  class space    used 816K, capacity 868K, committed 896K, reserved 1048576K
}
Event: 165.423 GC heap before
{Heap before GC invocations=8 (full 0):
 PSYoungGen      total 133632K, used 131360K [0x00000000d6000000, 0x00000000e6600000, 0x0000000100000000)
  eden space 131072K, 100% used [0x00000000d6000000,0x00000000de000000,0x00000000de000000)
  from space 2560K, 11% used [0x00000000de000000,0x00000000de048000,0x00000000de280000)
  to   space 3072K, 0% used [0x00000000e6300000,0x00000000e6300000,0x00000000e6600000)
 ParOldGen       total 86016K, used 1662K [0x0000000082000000, 0x0000000087400000, 0x00000000d6000000)
  object space 86016K, 1% used [0x0000000082000000,0x000000008219f898,0x0000000087400000)
 Metaspace       used 7176K, capacity 7362K, committed 7552K, reserved 1056768K
  class space    used 816K, capacity 868K, committed 896K, reserved 1048576K
Event: 165.424 GC heap after
Heap after GC invocations=8 (full 0):
 PSYoungGen      total 265216K, used 320K [0x00000000d6000000, 0x00000000e6600000, 0x0000000100000000)
  eden space 262144K, 0% used [0x00000000d6000000,0x00000000d6000000,0x00000000e6000000)
  from space 3072K, 10% used [0x00000000e6300000,0x00000000e6350000,0x00000000e6600000)
  to   space 3072K, 0% used [0x00000000e6000000,0x00000000e6000000,0x00000000e6300000)
 ParOldGen       total 86016K, used 1670K [0x0000000082000000, 0x0000000087400000, 0x00000000d6000000)
  object space 86016K, 1% used [0x0000000082000000,0x00000000821a1898,0x0000000087400000)
 Metaspace       used 7176K, capacity 7362K, committed 7552K, reserved 1056768K
  class space    used 816K, capacity 868K, committed 896K, reserved 1048576K
}

